<?xml version="1.0" encoding="UTF-8"?>
<testsuite xmlns:xsi="http://www.w3.org/2001/XMLSchema-instance" xsi:noNamespaceSchemaLocation="https://maven.apache.org/surefire/maven-surefire-plugin/xsd/surefire-test-report.xsd" name="com.example.demo.DemoApplicationTests" time="1.111" tests="1" errors="0" skipped="0" failures="0">
  <properties>
    <property name="sun.desktop" value="windows"/>
    <property name="awt.toolkit" value="sun.awt.windows.WToolkit"/>
    <property name="java.specification.version" value="11"/>
    <property name="sun.cpu.isalist" value="amd64"/>
    <property name="sun.jnu.encoding" value="GBK"/>
    <property name="java.class.path" value="D:\Software\Workspaces\MyEclipse\web\demo\target\test-classes;D:\Software\Workspaces\MyEclipse\web\demo\target\classes;D:\IDEAMAVEN\org\springframework\boot\spring-boot-starter\2.6.2\spring-boot-starter-2.6.2.jar;D:\IDEAMAVEN\org\springframework\boot\spring-boot\2.6.2\spring-boot-2.6.2.jar;D:\IDEAMAVEN\org\springframework\spring-context\5.3.14\spring-context-5.3.14.jar;D:\IDEAMAVEN\org\springframework\spring-aop\5.3.14\spring-aop-5.3.14.jar;D:\IDEAMAVEN\org\springframework\spring-beans\5.3.14\spring-beans-5.3.14.jar;D:\IDEAMAVEN\org\springframework\spring-expression\5.3.14\spring-expression-5.3.14.jar;D:\IDEAMAVEN\org\springframework\boot\spring-boot-autoconfigure\2.6.2\spring-boot-autoconfigure-2.6.2.jar;D:\IDEAMAVEN\org\springframework\boot\spring-boot-starter-logging\2.6.2\spring-boot-starter-logging-2.6.2.jar;D:\IDEAMAVEN\ch\qos\logback\logback-classic\1.2.9\logback-classic-1.2.9.jar;D:\IDEAMAVEN\ch\qos\logback\logback-core\1.2.9\logback-core-1.2.9.jar;D:\IDEAMAVEN\org\apache\logging\log4j\log4j-to-slf4j\2.17.0\log4j-to-slf4j-2.17.0.jar;D:\IDEAMAVEN\org\apache\logging\log4j\log4j-api\2.17.0\log4j-api-2.17.0.jar;D:\IDEAMAVEN\org\slf4j\jul-to-slf4j\1.7.32\jul-to-slf4j-1.7.32.jar;D:\IDEAMAVEN\jakarta\annotation\jakarta.annotation-api\1.3.5\jakarta.annotation-api-1.3.5.jar;D:\IDEAMAVEN\org\springframework\spring-core\5.3.14\spring-core-5.3.14.jar;D:\IDEAMAVEN\org\springframework\spring-jcl\5.3.14\spring-jcl-5.3.14.jar;D:\IDEAMAVEN\org\yaml\snakeyaml\1.29\snakeyaml-1.29.jar;D:\IDEAMAVEN\org\springframework\boot\spring-boot-starter-test\2.6.2\spring-boot-starter-test-2.6.2.jar;D:\IDEAMAVEN\org\springframework\boot\spring-boot-test\2.6.2\spring-boot-test-2.6.2.jar;D:\IDEAMAVEN\org\springframework\boot\spring-boot-test-autoconfigure\2.6.2\spring-boot-test-autoconfigure-2.6.2.jar;D:\IDEAMAVEN\com\jayway\jsonpath\json-path\2.6.0\json-path-2.6.0.jar;D:\IDEAMAVEN\net\minidev\json-smart\2.4.7\json-smart-2.4.7.jar;D:\IDEAMAVEN\net\minidev\accessors-smart\2.4.7\accessors-smart-2.4.7.jar;D:\IDEAMAVEN\org\ow2\asm\asm\9.1\asm-9.1.jar;D:\IDEAMAVEN\org\slf4j\slf4j-api\1.7.32\slf4j-api-1.7.32.jar;D:\IDEAMAVEN\jakarta\xml\bind\jakarta.xml.bind-api\2.3.3\jakarta.xml.bind-api-2.3.3.jar;D:\IDEAMAVEN\jakarta\activation\jakarta.activation-api\1.2.2\jakarta.activation-api-1.2.2.jar;D:\IDEAMAVEN\org\assertj\assertj-core\3.21.0\assertj-core-3.21.0.jar;D:\IDEAMAVEN\org\hamcrest\hamcrest\2.2\hamcrest-2.2.jar;D:\IDEAMAVEN\org\junit\jupiter\junit-jupiter\5.8.2\junit-jupiter-5.8.2.jar;D:\IDEAMAVEN\org\junit\jupiter\junit-jupiter-api\5.8.2\junit-jupiter-api-5.8.2.jar;D:\IDEAMAVEN\org\opentest4j\opentest4j\1.2.0\opentest4j-1.2.0.jar;D:\IDEAMAVEN\org\junit\platform\junit-platform-commons\1.8.2\junit-platform-commons-1.8.2.jar;D:\IDEAMAVEN\org\apiguardian\apiguardian-api\1.1.2\apiguardian-api-1.1.2.jar;D:\IDEAMAVEN\org\junit\jupiter\junit-jupiter-params\5.8.2\junit-jupiter-params-5.8.2.jar;D:\IDEAMAVEN\org\junit\jupiter\junit-jupiter-engine\5.8.2\junit-jupiter-engine-5.8.2.jar;D:\IDEAMAVEN\org\junit\platform\junit-platform-engine\1.8.2\junit-platform-engine-1.8.2.jar;D:\IDEAMAVEN\org\mockito\mockito-core\4.0.0\mockito-core-4.0.0.jar;D:\IDEAMAVEN\net\bytebuddy\byte-buddy\1.11.22\byte-buddy-1.11.22.jar;D:\IDEAMAVEN\net\bytebuddy\byte-buddy-agent\1.11.22\byte-buddy-agent-1.11.22.jar;D:\IDEAMAVEN\org\objenesis\objenesis\3.2\objenesis-3.2.jar;D:\IDEAMAVEN\org\mockito\mockito-junit-jupiter\4.0.0\mockito-junit-jupiter-4.0.0.jar;D:\IDEAMAVEN\org\skyscreamer\jsonassert\1.5.0\jsonassert-1.5.0.jar;D:\IDEAMAVEN\com\vaadin\external\google\android-json\0.0.20131108.vaadin1\android-json-0.0.20131108.vaadin1.jar;D:\IDEAMAVEN\org\springframework\spring-test\5.3.14\spring-test-5.3.14.jar;D:\IDEAMAVEN\org\xmlunit\xmlunit-core\2.8.4\xmlunit-core-2.8.4.jar;"/>
    <property name="java.vm.vendor" value="Oracle Corporation"/>
    <property name="sun.arch.data.model" value="64"/>
    <property name="user.variant" value=""/>
    <property name="java.vendor.url" value="https://openjdk.java.net/"/>
    <property name="user.timezone" value="Asia/Shanghai"/>
    <property name="java.vm.specification.version" value="11"/>
    <property name="os.name" value="Windows 10"/>
    <property name="sun.java.launcher" value="SUN_STANDARD"/>
    <property name="user.country" value="CN"/>
    <property name="sun.boot.library.path" value="F:\jdk11\jdk-11.0.11\bin"/>
    <property name="sun.java.command" value="C:\Users\ADMINI~1\AppData\Local\Temp\surefire12749622247419876734\surefirebooter3291374991033740095.jar C:\Users\Administrator\AppData\Local\Temp\surefire12749622247419876734 2021-12-22T09-53-25_312-jvmRun1 surefire14366001084530938160tmp surefire_08657778019266075581tmp"/>
    <property name="jdk.debug" value="release"/>
    <property name="surefire.test.class.path" value="D:\Software\Workspaces\MyEclipse\web\demo\target\test-classes;D:\Software\Workspaces\MyEclipse\web\demo\target\classes;D:\IDEAMAVEN\org\springframework\boot\spring-boot-starter\2.6.2\spring-boot-starter-2.6.2.jar;D:\IDEAMAVEN\org\springframework\boot\spring-boot\2.6.2\spring-boot-2.6.2.jar;D:\IDEAMAVEN\org\springframework\spring-context\5.3.14\spring-context-5.3.14.jar;D:\IDEAMAVEN\org\springframework\spring-aop\5.3.14\spring-aop-5.3.14.jar;D:\IDEAMAVEN\org\springframework\spring-beans\5.3.14\spring-beans-5.3.14.jar;D:\IDEAMAVEN\org\springframework\spring-expression\5.3.14\spring-expression-5.3.14.jar;D:\IDEAMAVEN\org\springframework\boot\spring-boot-autoconfigure\2.6.2\spring-boot-autoconfigure-2.6.2.jar;D:\IDEAMAVEN\org\springframework\boot\spring-boot-starter-logging\2.6.2\spring-boot-starter-logging-2.6.2.jar;D:\IDEAMAVEN\ch\qos\logback\logback-classic\1.2.9\logback-classic-1.2.9.jar;D:\IDEAMAVEN\ch\qos\logback\logback-core\1.2.9\logback-core-1.2.9.jar;D:\IDEAMAVEN\org\apache\logging\log4j\log4j-to-slf4j\2.17.0\log4j-to-slf4j-2.17.0.jar;D:\IDEAMAVEN\org\apache\logging\log4j\log4j-api\2.17.0\log4j-api-2.17.0.jar;D:\IDEAMAVEN\org\slf4j\jul-to-slf4j\1.7.32\jul-to-slf4j-1.7.32.jar;D:\IDEAMAVEN\jakarta\annotation\jakarta.annotation-api\1.3.5\jakarta.annotation-api-1.3.5.jar;D:\IDEAMAVEN\org\springframework\spring-core\5.3.14\spring-core-5.3.14.jar;D:\IDEAMAVEN\org\springframework\spring-jcl\5.3.14\spring-jcl-5.3.14.jar;D:\IDEAMAVEN\org\yaml\snakeyaml\1.29\snakeyaml-1.29.jar;D:\IDEAMAVEN\org\springframework\boot\spring-boot-starter-test\2.6.2\spring-boot-starter-test-2.6.2.jar;D:\IDEAMAVEN\org\springframework\boot\spring-boot-test\2.6.2\spring-boot-test-2.6.2.jar;D:\IDEAMAVEN\org\springframework\boot\spring-boot-test-autoconfigure\2.6.2\spring-boot-test-autoconfigure-2.6.2.jar;D:\IDEAMAVEN\com\jayway\jsonpath\json-path\2.6.0\json-path-2.6.0.jar;D:\IDEAMAVEN\net\minidev\json-smart\2.4.7\json-smart-2.4.7.jar;D:\IDEAMAVEN\net\minidev\accessors-smart\2.4.7\accessors-smart-2.4.7.jar;D:\IDEAMAVEN\org\ow2\asm\asm\9.1\asm-9.1.jar;D:\IDEAMAVEN\org\slf4j\slf4j-api\1.7.32\slf4j-api-1.7.32.jar;D:\IDEAMAVEN\jakarta\xml\bind\jakarta.xml.bind-api\2.3.3\jakarta.xml.bind-api-2.3.3.jar;D:\IDEAMAVEN\jakarta\activation\jakarta.activation-api\1.2.2\jakarta.activation-api-1.2.2.jar;D:\IDEAMAVEN\org\assertj\assertj-core\3.21.0\assertj-core-3.21.0.jar;D:\IDEAMAVEN\org\hamcrest\hamcrest\2.2\hamcrest-2.2.jar;D:\IDEAMAVEN\org\junit\jupiter\junit-jupiter\5.8.2\junit-jupiter-5.8.2.jar;D:\IDEAMAVEN\org\junit\jupiter\junit-jupiter-api\5.8.2\junit-jupiter-api-5.8.2.jar;D:\IDEAMAVEN\org\opentest4j\opentest4j\1.2.0\opentest4j-1.2.0.jar;D:\IDEAMAVEN\org\junit\platform\junit-platform-commons\1.8.2\junit-platform-commons-1.8.2.jar;D:\IDEAMAVEN\org\apiguardian\apiguardian-api\1.1.2\apiguardian-api-1.1.2.jar;D:\IDEAMAVEN\org\junit\jupiter\junit-jupiter-params\5.8.2\junit-jupiter-params-5.8.2.jar;D:\IDEAMAVEN\org\junit\jupiter\junit-jupiter-engine\5.8.2\junit-jupiter-engine-5.8.2.jar;D:\IDEAMAVEN\org\junit\platform\junit-platform-engine\1.8.2\junit-platform-engine-1.8.2.jar;D:\IDEAMAVEN\org\mockito\mockito-core\4.0.0\mockito-core-4.0.0.jar;D:\IDEAMAVEN\net\bytebuddy\byte-buddy\1.11.22\byte-buddy-1.11.22.jar;D:\IDEAMAVEN\net\bytebuddy\byte-buddy-agent\1.11.22\byte-buddy-agent-1.11.22.jar;D:\IDEAMAVEN\org\objenesis\objenesis\3.2\objenesis-3.2.jar;D:\IDEAMAVEN\org\mockito\mockito-junit-jupiter\4.0.0\mockito-junit-jupiter-4.0.0.jar;D:\IDEAMAVEN\org\skyscreamer\jsonassert\1.5.0\jsonassert-1.5.0.jar;D:\IDEAMAVEN\com\vaadin\external\google\android-json\0.0.20131108.vaadin1\android-json-0.0.20131108.vaadin1.jar;D:\IDEAMAVEN\org\springframework\spring-test\5.3.14\spring-test-5.3.14.jar;D:\IDEAMAVEN\org\xmlunit\xmlunit-core\2.8.4\xmlunit-core-2.8.4.jar;"/>
    <property name="sun.cpu.endian" value="little"/>
    <property name="user.home" value="C:\Users\Administrator"/>
    <property name="user.language" value="zh"/>
    <property name="java.specification.vendor" value="Oracle Corporation"/>
    <property name="java.version.date" value="2021-04-20"/>
    <property name="java.home" value="F:\jdk11\jdk-11.0.11"/>
    <property name="file.separator" value="\"/>
    <property name="basedir" value="D:\Software\Workspaces\MyEclipse\web\demo"/>
    <property name="java.vm.compressedOopsMode" value="32-bit"/>
    <property name="line.separator" value="&#10;"/>
    <property name="java.specification.name" value="Java Platform API Specification"/>
    <property name="java.vm.specification.vendor" value="Oracle Corporation"/>
    <property name="java.awt.graphicsenv" value="sun.awt.Win32GraphicsEnvironment"/>
    <property name="surefire.real.class.path" value="C:\Users\ADMINI~1\AppData\Local\Temp\surefire12749622247419876734\surefirebooter3291374991033740095.jar"/>
    <property name="user.script" value=""/>
    <property name="sun.management.compiler" value="HotSpot 64-Bit Tiered Compilers"/>
    <property name="java.runtime.version" value="11.0.11+9-LTS-194"/>
    <property name="user.name" value="Administrator"/>
    <property name="path.separator" value=";"/>
    <property name="os.version" value="10.0"/>
    <property name="java.runtime.name" value="Java(TM) SE Runtime Environment"/>
    <property name="file.encoding" value="GBK"/>
    <property name="java.vm.name" value="Java HotSpot(TM) 64-Bit Server VM"/>
    <property name="java.vendor.version" value="18.9"/>
    <property name="localRepository" value="D:\IDEAMAVEN"/>
    <property name="java.vendor.url.bug" value="https://bugreport.java.com/bugreport/"/>
    <property name="java.io.tmpdir" value="C:\Users\ADMINI~1\AppData\Local\Temp\"/>
    <property name="idea.version" value="2021.3"/>
    <property name="java.version" value="11.0.11"/>
    <property name="user.dir" value="D:\Software\Workspaces\MyEclipse\web\demo"/>
    <property name="os.arch" value="amd64"/>
    <property name="java.vm.specification.name" value="Java Virtual Machine Specification"/>
    <property name="java.awt.printerjob" value="sun.awt.windows.WPrinterJob"/>
    <property name="sun.os.patch.level" value=""/>
    <property name="java.library.path" value="F:\jdk11\jdk-11.0.11\bin;C:\Windows\Sun\Java\bin;C:\Windows\system32;C:\Windows;C:\Windows\system32;C:\Windows;C:\Windows\System32\Wbem;C:\Windows\System32\WindowsPowerShell\v1.0\;C:\Windows\System32\OpenSSH\;C:\Program Files (x86)\Microsoft SQL Server\100\Tools\Binn\;C:\Program Files\Microsoft SQL Server\100\Tools\Binn\;C:\Program Files\Microsoft SQL Server\100\DTS\Binn\;C:\Program Files (x86)\Microsoft SQL Server\100\Tools\Binn\VSShell\Common7\IDE\;C:\Program Files (x86)\Microsoft SQL Server\100\DTS\Binn\;F:\jdk11\jdk-11.0.11\bin;F:\jdk11\jdk-11.0.11\jre\bin;F:\apache-jmeter-5.4.1\bin;C:\Program Files (x86)\NVIDIA Corporation\PhysX\Common;C:\Program Files\NVIDIA Corporation\NVIDIA NvDLISR;D:\git\cmd;C:\Users\Administrator\AppData\Local\Microsoft\WindowsApps;;."/>
    <property name="java.vendor" value="Oracle Corporation"/>
    <property name="java.vm.info" value="mixed mode"/>
    <property name="java.vm.version" value="11.0.11+9-LTS-194"/>
    <property name="sun.io.unicode.encoding" value="UnicodeLittle"/>
    <property name="maven.repo.local" value="D:\IDEAMAVEN"/>
    <property name="java.class.version" value="55.0"/>
  </properties>
  <testcase name="contextLoads" classname="com.example.demo.DemoApplicationTests" time="0.246"/>
</testsuite>